contacts/build/intermediates/manifest_merge_blame_file/debug/processDebugMainManifest/manifest-merger-blame-debug-report.txt
1<?xml version="1.0" encoding="utf-8"?>
2<!--
3 Copyright (C) 2006 The Android Open Source Project
4
5     Licensed under the Apache License, Version 2.0 (the "License");
6     you may not use this file except in compliance with the License.
7     You may obtain a copy of the License at
8  
9          http://www.apache.org/licenses/LICENSE-2.0
10  
11     Unless required by applicable law or agreed to in writing, software
12     distributed under the License is distributed on an "AS IS" BASIS,
13     WITHOUT WARRANTIES OR CONDITIONS OF ANY KIND, either express or implied.
14     See the License for the specific language governing permissions and
15     limitations under the License.
16-->
17<manifest xmlns:android="http://schemas.android.com/apk/res/android"
18    package="com.xaulinxs.donut.contatos"
19    android:sharedUserId="android.uid.shared"
20    android:versionCode="1"
21    android:versionName="1.6-donut-rebuild" >
22
23    <uses-sdk
24        android:minSdkVersion="23"
25        android:targetSdkVersion="34" />
26
27    <uses-permission android:name="android.permission.CALL_PRIVILEGED" />
27-->src/main/AndroidManifest.xml:20:5-74
27-->src/main/AndroidManifest.xml:20:22-71
28    <uses-permission android:name="android.permission.READ_CONTACTS" />
28-->src/main/AndroidManifest.xml:21:5-72
28-->src/main/AndroidManifest.xml:21:22-69
29    <uses-permission android:name="android.permission.WRITE_CONTACTS" />
29-->src/main/AndroidManifest.xml:22:5-73
29-->src/main/AndroidManifest.xml:22:22-70
30    <uses-permission android:name="android.permission.INTERNET" />
30-->src/main/AndroidManifest.xml:23:5-67
30-->src/main/AndroidManifest.xml:23:22-64
31    <uses-permission android:name="android.permission.READ_PHONE_STATE" />
31-->src/main/AndroidManifest.xml:24:5-75
31-->src/main/AndroidManifest.xml:24:22-72
32    <uses-permission android:name="android.permission.MODIFY_PHONE_STATE" />
32-->src/main/AndroidManifest.xml:25:5-77
32-->src/main/AndroidManifest.xml:25:22-74
33    <uses-permission android:name="com.google.android.googleapps.permission.GOOGLE_AUTH.mail" />
33-->src/main/AndroidManifest.xml:26:5-97
33-->src/main/AndroidManifest.xml:26:22-94
34    <uses-permission android:name="android.permission.WAKE_LOCK" />
34-->src/main/AndroidManifest.xml:27:5-68
34-->src/main/AndroidManifest.xml:27:22-65
35    <uses-permission android:name="android.permission.WRITE_EXTERNAL_STORAGE" />
35-->src/main/AndroidManifest.xml:28:5-81
35-->src/main/AndroidManifest.xml:28:22-78
36
37    <permission
37-->[androidx.core:core:1.13.1] AndroidManifest.xml:22:5-24:47
38        android:name="com.xaulinxs.donut.contatos.DYNAMIC_RECEIVER_NOT_EXPORTED_PERMISSION"
38-->[androidx.core:core:1.13.1] AndroidManifest.xml:23:9-81
39        android:protectionLevel="signature" />
39-->[androidx.core:core:1.13.1] AndroidManifest.xml:24:9-44
40
41    <uses-permission android:name="com.xaulinxs.donut.contatos.DYNAMIC_RECEIVER_NOT_EXPORTED_PERMISSION" />
41-->[androidx.core:core:1.13.1] AndroidManifest.xml:26:5-97
41-->[androidx.core:core:1.13.1] AndroidManifest.xml:26:22-94
42
43    <application
43-->src/main/AndroidManifest.xml:30:5-393:19
44        android:appComponentFactory="androidx.core.app.CoreComponentFactory"
44-->[androidx.core:core:1.13.1] AndroidManifest.xml:28:18-86
45        android:debuggable="true"
46        android:extractNativeLibs="false"
47        android:icon="@drawable/ic_launcher_contacts"
47-->src/main/AndroidManifest.xml:32:9-54
48        android:label="@string/contactsList"
48-->src/main/AndroidManifest.xml:31:9-45
49        android:process="android.process.acore"
49-->src/main/AndroidManifest.xml:33:9-48
50        android:taskAffinity="android.task.contacts"
50-->src/main/AndroidManifest.xml:34:9-53
51        android:theme="@style/Classic.Theme" >
51-->src/main/AndroidManifest.xml:35:9-45
52
53        <!-- A virtual 12 key dialer -->
54        <activity
54-->src/main/AndroidManifest.xml:39:9-48:20
55            android:name="com.android.contacts.TwelveKeyDialer"
55-->src/main/AndroidManifest.xml:39:19-49
56            android:exported="true"
56-->src/main/AndroidManifest.xml:41:13-36
57            android:launchMode="singleTop" >
57-->src/main/AndroidManifest.xml:40:13-43
58            <intent-filter>
58-->src/main/AndroidManifest.xml:43:13-47:29
59                <action android:name="com.android.phone.action.TOUCH_DIALER" />
59-->src/main/AndroidManifest.xml:44:17-80
59-->src/main/AndroidManifest.xml:44:25-77
60
61                <category android:name="android.intent.category.DEFAULT" />
61-->src/main/AndroidManifest.xml:45:17-76
61-->src/main/AndroidManifest.xml:45:27-73
62                <category android:name="android.intent.category.TAB" />
62-->src/main/AndroidManifest.xml:46:17-72
62-->src/main/AndroidManifest.xml:46:27-69
63            </intent-filter>
64        </activity>
65
66        <!-- A list of recent calls -->
67        <activity
67-->src/main/AndroidManifest.xml:51:9-60:20
68            android:name="com.android.contacts.RecentCallsListActivity"
68-->src/main/AndroidManifest.xml:51:19-57
69            android:exported="true"
69-->src/main/AndroidManifest.xml:53:13-36
70            android:label="@string/recentCallsIconLabel" >
70-->src/main/AndroidManifest.xml:52:13-57
71            <intent-filter>
71-->src/main/AndroidManifest.xml:55:13-59:29
72                <action android:name="com.android.phone.action.RECENT_CALLS" />
72-->src/main/AndroidManifest.xml:56:17-80
72-->src/main/AndroidManifest.xml:56:25-77
73
74                <category android:name="android.intent.category.DEFAULT" />
74-->src/main/AndroidManifest.xml:45:17-76
74-->src/main/AndroidManifest.xml:45:27-73
75                <category android:name="android.intent.category.TAB" />
75-->src/main/AndroidManifest.xml:46:17-72
75-->src/main/AndroidManifest.xml:46:27-69
76            </intent-filter>
77        </activity>
78
79        <!-- Tab container for TwelveKeyDialer and RecentCallsList -->
80        <activity
80-->src/main/AndroidManifest.xml:63:9-113:20
81            android:name="com.android.contacts.DialtactsActivity"
81-->src/main/AndroidManifest.xml:63:19-51
82            android:clearTaskOnLaunch="true"
82-->src/main/AndroidManifest.xml:67:13-45
83            android:exported="true"
83-->src/main/AndroidManifest.xml:70:13-36
84            android:icon="@drawable/ic_launcher_phone"
84-->src/main/AndroidManifest.xml:68:13-55
85            android:label="@string/launcherDialer"
85-->src/main/AndroidManifest.xml:64:13-51
86            android:launchMode="singleTask"
86-->src/main/AndroidManifest.xml:66:13-44
87            android:screenOrientation="nosensor"
87-->src/main/AndroidManifest.xml:69:13-49
88            android:theme="@style/Classic.Theme.NoTitleBar" >
88-->src/main/AndroidManifest.xml:65:13-60
89            <intent-filter>
89-->src/main/AndroidManifest.xml:72:13-78:29
90                <action android:name="android.intent.action.DIAL" />
90-->src/main/AndroidManifest.xml:73:17-69
90-->src/main/AndroidManifest.xml:73:25-66
91
92                <category android:name="android.intent.category.DEFAULT" />
92-->src/main/AndroidManifest.xml:45:17-76
92-->src/main/AndroidManifest.xml:45:27-73
93                <category android:name="android.intent.category.BROWSABLE" />
93-->src/main/AndroidManifest.xml:75:17-78
93-->src/main/AndroidManifest.xml:75:27-75
94
95                <data android:mimeType="vnd.android.cursor.item/phone" />
95-->src/main/AndroidManifest.xml:76:17-74
95-->src/main/AndroidManifest.xml:76:23-71
96                <data android:mimeType="vnd.android.cursor.item/person" />
96-->src/main/AndroidManifest.xml:76:17-74
96-->src/main/AndroidManifest.xml:76:23-71
97            </intent-filter>
98            <intent-filter>
98-->src/main/AndroidManifest.xml:79:13-84:29
99                <action android:name="android.intent.action.DIAL" />
99-->src/main/AndroidManifest.xml:73:17-69
99-->src/main/AndroidManifest.xml:73:25-66
100
101                <category android:name="android.intent.category.DEFAULT" />
101-->src/main/AndroidManifest.xml:45:17-76
101-->src/main/AndroidManifest.xml:45:27-73
102                <category android:name="android.intent.category.BROWSABLE" />
102-->src/main/AndroidManifest.xml:75:17-78
102-->src/main/AndroidManifest.xml:75:27-75
103
104                <data android:scheme="voicemail" />
104-->src/main/AndroidManifest.xml:76:17-74
104-->src/main/AndroidManifest.xml:83:23-49
105            </intent-filter>
106            <intent-filter>
106-->src/main/AndroidManifest.xml:85:13-88:29
107                <action android:name="android.intent.action.DIAL" />
107-->src/main/AndroidManifest.xml:73:17-69
107-->src/main/AndroidManifest.xml:73:25-66
108
109                <category android:name="android.intent.category.DEFAULT" />
109-->src/main/AndroidManifest.xml:45:17-76
109-->src/main/AndroidManifest.xml:45:27-73
110            </intent-filter>
111            <intent-filter>
111-->src/main/AndroidManifest.xml:89:13-94:29
112                <action android:name="android.intent.action.MAIN" />
112-->src/main/AndroidManifest.xml:90:17-69
112-->src/main/AndroidManifest.xml:90:25-66
113
114                <category android:name="android.intent.category.DEFAULT" />
114-->src/main/AndroidManifest.xml:45:17-76
114-->src/main/AndroidManifest.xml:45:27-73
115                <category android:name="android.intent.category.LAUNCHER" />
115-->src/main/AndroidManifest.xml:92:17-77
115-->src/main/AndroidManifest.xml:92:27-74
116                <category android:name="android.intent.category.BROWSABLE" />
116-->src/main/AndroidManifest.xml:75:17-78
116-->src/main/AndroidManifest.xml:75:27-75
117            </intent-filter>
118            <intent-filter>
118-->src/main/AndroidManifest.xml:95:13-101:29
119                <action android:name="android.intent.action.VIEW" />
119-->src/main/AndroidManifest.xml:96:17-69
119-->src/main/AndroidManifest.xml:96:25-66
120                <action android:name="android.intent.action.DIAL" />
120-->src/main/AndroidManifest.xml:73:17-69
120-->src/main/AndroidManifest.xml:73:25-66
121
122                <category android:name="android.intent.category.DEFAULT" />
122-->src/main/AndroidManifest.xml:45:17-76
122-->src/main/AndroidManifest.xml:45:27-73
123                <category android:name="android.intent.category.BROWSABLE" />
123-->src/main/AndroidManifest.xml:75:17-78
123-->src/main/AndroidManifest.xml:75:27-75
124
125                <data android:scheme="tel" />
125-->src/main/AndroidManifest.xml:76:17-74
125-->src/main/AndroidManifest.xml:83:23-49
126            </intent-filter>
127            <intent-filter>
127-->src/main/AndroidManifest.xml:102:13-107:29
128                <action android:name="android.intent.action.VIEW" />
128-->src/main/AndroidManifest.xml:96:17-69
128-->src/main/AndroidManifest.xml:96:25-66
129
130                <category android:name="android.intent.category.DEFAULT" />
130-->src/main/AndroidManifest.xml:45:17-76
130-->src/main/AndroidManifest.xml:45:27-73
131                <category android:name="android.intent.category.BROWSABLE" />
131-->src/main/AndroidManifest.xml:75:17-78
131-->src/main/AndroidManifest.xml:75:27-75
132
133                <data android:mimeType="vnd.android.cursor.dir/calls" />
133-->src/main/AndroidManifest.xml:76:17-74
133-->src/main/AndroidManifest.xml:76:23-71
134            </intent-filter>
135            <intent-filter>
135-->src/main/AndroidManifest.xml:108:13-112:29
136                <action android:name="android.intent.action.CALL_BUTTON" />
136-->src/main/AndroidManifest.xml:109:17-76
136-->src/main/AndroidManifest.xml:109:25-73
137
138                <category android:name="android.intent.category.DEFAULT" />
138-->src/main/AndroidManifest.xml:45:17-76
138-->src/main/AndroidManifest.xml:45:27-73
139                <category android:name="android.intent.category.BROWSABLE" />
139-->src/main/AndroidManifest.xml:75:17-78
139-->src/main/AndroidManifest.xml:75:27-75
140            </intent-filter>
141        </activity> <!-- An empty activity that presents the DialtactActivity's Favorites tab -->
142        <activity-alias
142-->src/main/AndroidManifest.xml:141:9-151:26
143            android:name="com.android.contacts.DialtactsFavoritesEntryActivity"
143-->src/main/AndroidManifest.xml:141:25-71
144            android:exported="true"
144-->src/main/AndroidManifest.xml:145:13-36
145            android:icon="@drawable/ic_launcher_contacts"
145-->src/main/AndroidManifest.xml:144:13-58
146            android:label="@string/strequentList"
146-->src/main/AndroidManifest.xml:143:13-50
147            android:targetActivity="com.android.contacts.DialtactsActivity" >
147-->src/main/AndroidManifest.xml:142:13-55
148            <intent-filter>
148-->src/main/AndroidManifest.xml:147:13-150:29
149                <action android:name="android.intent.action.MAIN" />
149-->src/main/AndroidManifest.xml:90:17-69
149-->src/main/AndroidManifest.xml:90:25-66
150
151                <category android:name="android.intent.category.DEFAULT" />
151-->src/main/AndroidManifest.xml:45:17-76
151-->src/main/AndroidManifest.xml:45:27-73
152            </intent-filter>
153        </activity-alias> <!-- An empty activity that presents the DialtactActivity's Contacts tab -->
154        <activity-alias
154-->src/main/AndroidManifest.xml:116:9-138:26
155            android:name="com.android.contacts.DialtactsContactsEntryActivity"
155-->src/main/AndroidManifest.xml:116:25-70
156            android:exported="true"
156-->src/main/AndroidManifest.xml:120:13-36
157            android:icon="@drawable/ic_launcher_contacts"
157-->src/main/AndroidManifest.xml:119:13-58
158            android:label="@string/contactsList"
158-->src/main/AndroidManifest.xml:118:13-49
159            android:targetActivity="com.android.contacts.DialtactsActivity" >
159-->src/main/AndroidManifest.xml:117:13-55
160            <intent-filter>
160-->src/main/AndroidManifest.xml:122:13-126:29
161                <action android:name="android.intent.action.MAIN" />
161-->src/main/AndroidManifest.xml:90:17-69
161-->src/main/AndroidManifest.xml:90:25-66
162
163                <category android:name="android.intent.category.DEFAULT" />
163-->src/main/AndroidManifest.xml:45:17-76
163-->src/main/AndroidManifest.xml:45:27-73
164                <category android:name="android.intent.category.LAUNCHER" />
164-->src/main/AndroidManifest.xml:92:17-77
164-->src/main/AndroidManifest.xml:92:27-74
165            </intent-filter>
166            <intent-filter>
166-->src/main/AndroidManifest.xml:128:13-132:29
167                <action android:name="android.intent.action.VIEW" />
167-->src/main/AndroidManifest.xml:96:17-69
167-->src/main/AndroidManifest.xml:96:25-66
168
169                <category android:name="android.intent.category.DEFAULT" />
169-->src/main/AndroidManifest.xml:45:17-76
169-->src/main/AndroidManifest.xml:45:27-73
170
171                <data android:mimeType="vnd.android.cursor.dir/person" />
171-->src/main/AndroidManifest.xml:76:17-74
171-->src/main/AndroidManifest.xml:76:23-71
172            </intent-filter>
173            <intent-filter>
173-->src/main/AndroidManifest.xml:134:13-137:29
174                <action android:name="com.android.contacts.action.FILTER_CONTACTS" />
174-->src/main/AndroidManifest.xml:135:17-86
174-->src/main/AndroidManifest.xml:135:25-83
175
176                <category android:name="android.intent.category.DEFAULT" />
176-->src/main/AndroidManifest.xml:45:17-76
176-->src/main/AndroidManifest.xml:45:27-73
177            </intent-filter>
178        </activity-alias>
179
180        <!-- The actual list of contacts, usually embedded in ContactsActivity -->
181        <activity
181-->src/main/AndroidManifest.xml:154:9-238:20
182            android:name="com.android.contacts.ContactsListActivity"
182-->src/main/AndroidManifest.xml:154:19-54
183            android:clearTaskOnLaunch="true"
183-->src/main/AndroidManifest.xml:156:13-45
184            android:exported="true"
184-->src/main/AndroidManifest.xml:157:13-36
185            android:label="@string/contactsList" >
185-->src/main/AndroidManifest.xml:155:13-49
186            <intent-filter>
186-->src/main/AndroidManifest.xml:159:13-163:29
187                <action android:name="com.android.contacts.action.LIST_DEFAULT" />
187-->src/main/AndroidManifest.xml:160:17-83
187-->src/main/AndroidManifest.xml:160:25-80
188
189                <category android:name="android.intent.category.DEFAULT" />
189-->src/main/AndroidManifest.xml:45:17-76
189-->src/main/AndroidManifest.xml:45:27-73
190                <category android:name="android.intent.category.TAB" />
190-->src/main/AndroidManifest.xml:46:17-72
190-->src/main/AndroidManifest.xml:46:27-69
191            </intent-filter>
192            <intent-filter>
192-->src/main/AndroidManifest.xml:165:13-169:29
193                <action android:name="com.android.contacts.action.LIST_CONTACTS" />
193-->src/main/AndroidManifest.xml:166:17-84
193-->src/main/AndroidManifest.xml:166:25-81
194
195                <category android:name="android.intent.category.DEFAULT" />
195-->src/main/AndroidManifest.xml:45:17-76
195-->src/main/AndroidManifest.xml:45:27-73
196                <category android:name="android.intent.category.TAB" />
196-->src/main/AndroidManifest.xml:46:17-72
196-->src/main/AndroidManifest.xml:46:27-69
197            </intent-filter>
198            <intent-filter>
198-->src/main/AndroidManifest.xml:171:13-175:29
199                <action android:name="com.android.contacts.action.LIST_ALL_CONTACTS" />
199-->src/main/AndroidManifest.xml:172:17-88
199-->src/main/AndroidManifest.xml:172:25-85
200
201                <category android:name="android.intent.category.DEFAULT" />
201-->src/main/AndroidManifest.xml:45:17-76
201-->src/main/AndroidManifest.xml:45:27-73
202                <category android:name="android.intent.category.TAB" />
202-->src/main/AndroidManifest.xml:46:17-72
202-->src/main/AndroidManifest.xml:46:27-69
203            </intent-filter>
204            <intent-filter>
204-->src/main/AndroidManifest.xml:177:13-181:29
205                <action android:name="com.android.contacts.action.LIST_CONTACTS_WITH_PHONES" />
205-->src/main/AndroidManifest.xml:178:17-96
205-->src/main/AndroidManifest.xml:178:25-93
206
207                <category android:name="android.intent.category.DEFAULT" />
207-->src/main/AndroidManifest.xml:45:17-76
207-->src/main/AndroidManifest.xml:45:27-73
208                <category android:name="android.intent.category.TAB" />
208-->src/main/AndroidManifest.xml:46:17-72
208-->src/main/AndroidManifest.xml:46:27-69
209            </intent-filter>
210            <intent-filter android:label="@string/starredList" >
210-->src/main/AndroidManifest.xml:183:13-187:29
210-->src/main/AndroidManifest.xml:183:28-63
211                <action android:name="com.android.contacts.action.LIST_STARRED" />
211-->src/main/AndroidManifest.xml:184:17-83
211-->src/main/AndroidManifest.xml:184:25-80
212
213                <category android:name="android.intent.category.DEFAULT" />
213-->src/main/AndroidManifest.xml:45:17-76
213-->src/main/AndroidManifest.xml:45:27-73
214                <category android:name="android.intent.category.TAB" />
214-->src/main/AndroidManifest.xml:46:17-72
214-->src/main/AndroidManifest.xml:46:27-69
215            </intent-filter>
216            <intent-filter android:label="@string/frequentList" >
216-->src/main/AndroidManifest.xml:189:13-193:29
216-->src/main/AndroidManifest.xml:189:28-64
217                <action android:name="com.android.contacts.action.LIST_FREQUENT" />
217-->src/main/AndroidManifest.xml:190:17-84
217-->src/main/AndroidManifest.xml:190:25-81
218
219                <category android:name="android.intent.category.DEFAULT" />
219-->src/main/AndroidManifest.xml:45:17-76
219-->src/main/AndroidManifest.xml:45:27-73
220                <category android:name="android.intent.category.TAB" />
220-->src/main/AndroidManifest.xml:46:17-72
220-->src/main/AndroidManifest.xml:46:27-69
221            </intent-filter>
222            <intent-filter android:label="@string/strequentList" >
222-->src/main/AndroidManifest.xml:195:13-199:29
222-->src/main/AndroidManifest.xml:195:28-65
223                <action android:name="com.android.contacts.action.LIST_STREQUENT" />
223-->src/main/AndroidManifest.xml:196:17-85
223-->src/main/AndroidManifest.xml:196:25-82
224
225                <category android:name="android.intent.category.DEFAULT" />
225-->src/main/AndroidManifest.xml:45:17-76
225-->src/main/AndroidManifest.xml:45:27-73
226                <category android:name="android.intent.category.TAB" />
226-->src/main/AndroidManifest.xml:46:17-72
226-->src/main/AndroidManifest.xml:46:27-69
227            </intent-filter>
228            <intent-filter>
228-->src/main/AndroidManifest.xml:201:13-205:29
229                <action android:name="android.intent.action.INSERT_OR_EDIT" />
229-->src/main/AndroidManifest.xml:202:17-79
229-->src/main/AndroidManifest.xml:202:25-76
230
231                <category android:name="android.intent.category.DEFAULT" />
231-->src/main/AndroidManifest.xml:45:17-76
231-->src/main/AndroidManifest.xml:45:27-73
232
233                <data android:mimeType="vnd.android.cursor.item/person" />
233-->src/main/AndroidManifest.xml:76:17-74
233-->src/main/AndroidManifest.xml:76:23-71
234            </intent-filter>
235            <!--
236            <intent-filter android:label="Add To Contacts">
237                <action android:name="com.android.contacts.action.ADD_CONTACT" />
238                <category android:name="android.intent.category.SELECTED_ALTERNATIVE" />
239                <data android:scheme="mailto" />
240                <data android:scheme="tel" />
241            </intent-filter>
242            -->
243            <intent-filter>
243-->src/main/AndroidManifest.xml:214:13-220:29
244                <action android:name="android.intent.action.PICK" />
244-->src/main/AndroidManifest.xml:215:17-69
244-->src/main/AndroidManifest.xml:215:25-66
245
246                <category android:name="android.intent.category.DEFAULT" />
246-->src/main/AndroidManifest.xml:45:17-76
246-->src/main/AndroidManifest.xml:45:27-73
247
248                <data android:mimeType="vnd.android.cursor.dir/person" />
248-->src/main/AndroidManifest.xml:76:17-74
248-->src/main/AndroidManifest.xml:76:23-71
249                <data android:mimeType="vnd.android.cursor.dir/phone" />
249-->src/main/AndroidManifest.xml:76:17-74
249-->src/main/AndroidManifest.xml:76:23-71
250                <data android:mimeType="vnd.android.cursor.dir/postal-address" />
250-->src/main/AndroidManifest.xml:76:17-74
250-->src/main/AndroidManifest.xml:76:23-71
251            </intent-filter>
252            <intent-filter>
252-->src/main/AndroidManifest.xml:222:13-228:29
253                <action android:name="android.intent.action.GET_CONTENT" />
253-->src/main/AndroidManifest.xml:223:17-76
253-->src/main/AndroidManifest.xml:223:25-73
254
255                <category android:name="android.intent.category.DEFAULT" />
255-->src/main/AndroidManifest.xml:45:17-76
255-->src/main/AndroidManifest.xml:45:27-73
256
257                <data android:mimeType="vnd.android.cursor.item/person" />
257-->src/main/AndroidManifest.xml:76:17-74
257-->src/main/AndroidManifest.xml:76:23-71
258                <data android:mimeType="vnd.android.cursor.item/phone" />
258-->src/main/AndroidManifest.xml:76:17-74
258-->src/main/AndroidManifest.xml:76:23-71
259                <data android:mimeType="vnd.android.cursor.item/postal-address" />
259-->src/main/AndroidManifest.xml:76:17-74
259-->src/main/AndroidManifest.xml:76:23-71
260            </intent-filter>
261            <intent-filter>
261-->src/main/AndroidManifest.xml:230:13-233:29
262                <action android:name="android.intent.action.SEARCH" />
262-->src/main/AndroidManifest.xml:231:17-71
262-->src/main/AndroidManifest.xml:231:25-68
263
264                <category android:name="android.intent.category.DEFAULT" />
264-->src/main/AndroidManifest.xml:45:17-76
264-->src/main/AndroidManifest.xml:45:27-73
265            </intent-filter>
266
267            <meta-data
267-->src/main/AndroidManifest.xml:235:13-237:15
268                android:name="android.app.searchable"
268-->src/main/AndroidManifest.xml:235:24-61
269                android:resource="@xml/searchable" />
269-->src/main/AndroidManifest.xml:236:17-51
270        </activity>
271
272        <activity-alias
272-->src/main/AndroidManifest.xml:277:9-288:26
273            android:name="alias.MessageShortcut"
273-->src/main/AndroidManifest.xml:277:25-61
274            android:exported="true"
274-->src/main/AndroidManifest.xml:281:13-36
275            android:icon="@drawable/ic_launcher_shortcut_contact"
275-->src/main/AndroidManifest.xml:280:13-66
276            android:label="@string/shortcutMessageContact"
276-->src/main/AndroidManifest.xml:279:13-59
277            android:targetActivity="com.android.contacts.ContactsListActivity" >
277-->src/main/AndroidManifest.xml:278:13-58
278            <intent-filter>
278-->src/main/AndroidManifest.xml:257:13-260:29
279                <action android:name="android.intent.action.CREATE_SHORTCUT" />
279-->src/main/AndroidManifest.xml:258:17-80
279-->src/main/AndroidManifest.xml:258:25-77
280
281                <category android:name="android.intent.category.DEFAULT" />
281-->src/main/AndroidManifest.xml:45:17-76
281-->src/main/AndroidManifest.xml:45:27-73
282            </intent-filter>
283        </activity-alias>
284        <activity-alias
284-->src/main/AndroidManifest.xml:264:9-275:26
285            android:name="alias.DialShortcut"
285-->src/main/AndroidManifest.xml:264:25-58
286            android:exported="true"
286-->src/main/AndroidManifest.xml:268:13-36
287            android:icon="@drawable/ic_launcher_shortcut_contact"
287-->src/main/AndroidManifest.xml:267:13-66
288            android:label="@string/shortcutDialContact"
288-->src/main/AndroidManifest.xml:266:13-56
289            android:targetActivity="com.android.contacts.ContactsListActivity" >
289-->src/main/AndroidManifest.xml:265:13-58
290            <intent-filter>
290-->src/main/AndroidManifest.xml:257:13-260:29
291                <action android:name="android.intent.action.CREATE_SHORTCUT" />
291-->src/main/AndroidManifest.xml:258:17-80
291-->src/main/AndroidManifest.xml:258:25-77
292
293                <category android:name="android.intent.category.DEFAULT" />
293-->src/main/AndroidManifest.xml:45:17-76
293-->src/main/AndroidManifest.xml:45:27-73
294            </intent-filter>
295        </activity-alias>
296        <activity-alias
296-->src/main/AndroidManifest.xml:251:9-262:26
297            android:name="com.android.contacts.ContactShortcut"
297-->src/main/AndroidManifest.xml:251:25-55
298            android:exported="true"
298-->src/main/AndroidManifest.xml:255:13-36
299            android:icon="@drawable/ic_launcher_shortcut_contact"
299-->src/main/AndroidManifest.xml:254:13-66
300            android:label="@string/shortcutContact"
300-->src/main/AndroidManifest.xml:253:13-52
301            android:targetActivity="com.android.contacts.ContactsListActivity" >
301-->src/main/AndroidManifest.xml:252:13-58
302            <intent-filter>
302-->src/main/AndroidManifest.xml:257:13-260:29
303                <action android:name="android.intent.action.CREATE_SHORTCUT" />
303-->src/main/AndroidManifest.xml:258:17-80
303-->src/main/AndroidManifest.xml:258:25-77
304
305                <category android:name="android.intent.category.DEFAULT" />
305-->src/main/AndroidManifest.xml:45:17-76
305-->src/main/AndroidManifest.xml:45:27-73
306            </intent-filter>
307        </activity-alias>
308
309        <activity
309-->src/main/AndroidManifest.xml:240:9-249:20
310            android:name="com.android.contacts.ShowOrCreateActivity"
310-->src/main/AndroidManifest.xml:240:19-54
311            android:exported="true"
311-->src/main/AndroidManifest.xml:242:13-36
312            android:theme="@android:style/Theme.Translucent.NoTitleBar" >
312-->src/main/AndroidManifest.xml:241:13-72
313            <intent-filter>
313-->src/main/AndroidManifest.xml:243:13-248:29
314                <action android:name="com.android.contacts.action.SHOW_OR_CREATE_CONTACT" />
314-->src/main/AndroidManifest.xml:244:17-93
314-->src/main/AndroidManifest.xml:244:25-90
315
316                <data android:scheme="mailto" />
316-->src/main/AndroidManifest.xml:76:17-74
316-->src/main/AndroidManifest.xml:83:23-49
317                <data android:scheme="tel" />
317-->src/main/AndroidManifest.xml:76:17-74
317-->src/main/AndroidManifest.xml:83:23-49
318
319                <category android:name="android.intent.category.DEFAULT" />
319-->src/main/AndroidManifest.xml:45:17-76
319-->src/main/AndroidManifest.xml:45:27-73
320            </intent-filter>
321        </activity>
322        <activity
322-->src/main/AndroidManifest.xml:290:9-300:20
323            android:name="com.android.contacts.CallDetailActivity"
323-->src/main/AndroidManifest.xml:290:19-52
324            android:exported="true"
324-->src/main/AndroidManifest.xml:293:13-36
325            android:label="@string/callDetailTitle"
325-->src/main/AndroidManifest.xml:291:13-52
326            android:theme="@style/TallTitleBarTheme" >
326-->src/main/AndroidManifest.xml:292:13-53
327            <intent-filter>
327-->src/main/AndroidManifest.xml:295:13-299:29
328                <action android:name="android.intent.action.VIEW" />
328-->src/main/AndroidManifest.xml:96:17-69
328-->src/main/AndroidManifest.xml:96:25-66
329
330                <category android:name="android.intent.category.DEFAULT" />
330-->src/main/AndroidManifest.xml:45:17-76
330-->src/main/AndroidManifest.xml:45:27-73
331
332                <data android:mimeType="vnd.android.cursor.item/calls" />
332-->src/main/AndroidManifest.xml:76:17-74
332-->src/main/AndroidManifest.xml:76:23-71